[1.182s] DEBUG:colcon:Command line arguments: ['/usr/bin/colcon', 'list', '-p', '--base-paths', '/home/luqman/Desktop/ROS2-for-mobile-Robots-Autonomous-Driving-16']
[1.183s] DEBUG:colcon:Parsed command line arguments: Namespace(base_paths=['/home/luqman/Desktop/ROS2-for-mobile-Robots-Autonomous-Driving-16'], build_base='build', ignore_user_meta=False, log_base=None, log_level=None, main=<bound method ListVerb.main of <colcon_package_information.verb.list.ListVerb object at 0x7f1f2c54e6d0>>, metas=['./colcon.meta'], names_only=False, packages_above=None, packages_above_and_dependencies=None, packages_above_depth=None, packages_end=None, packages_ignore=None, packages_ignore_regex=None, packages_select=None, packages_select_build_failed=False, packages_select_by_dep=None, packages_select_regex=None, packages_select_test_failures=False, packages_skip=None, packages_skip_build_finished=False, packages_skip_by_dep=None, packages_skip_regex=None, packages_skip_test_passed=False, packages_skip_up_to=None, packages_start=None, packages_up_to=None, packages_up_to_regex=None, paths=None, paths_only=True, topological_graph=False, topological_graph_density=False, topological_graph_dot=False, topological_graph_dot_cluster=False, topological_graph_dot_include_skipped=False, topological_graph_legend=False, topological_order=False, verb_extension=<colcon_package_information.verb.list.ListVerb object at 0x7f1f2c54e6d0>, verb_name='list', verb_parser=<colcon_defaults.argument_parser.defaults.DefaultArgumentsDecorator object at 0x7f1f2c3e2730>)
[1.428s] Level 1:colcon.colcon_core.package_discovery:discover_packages(colcon_meta) check parameters
[1.429s] Level 1:colcon.colcon_core.package_discovery:discover_packages(recursive) check parameters
[1.430s] Level 1:colcon.colcon_core.package_discovery:discover_packages(ignore) check parameters
[1.432s] Level 1:colcon.colcon_core.package_discovery:discover_packages(path) check parameters
[1.433s] Level 1:colcon.colcon_core.package_discovery:discover_packages(recursive) discover
[1.443s] INFO:colcon.colcon_core.package_discovery:Crawling recursively for packages in '/home/luqman/Desktop/ROS2-for-mobile-Robots-Autonomous-Driving-16'
[1.443s] Level 1:colcon.colcon_core.package_identification:_identify(/home/luqman/Desktop/ROS2-for-mobile-Robots-Autonomous-Driving-16) by extensions ['ignore', 'ignore_ament_install']
[1.446s] Level 1:colcon.colcon_core.package_identification:_identify(/home/luqman/Desktop/ROS2-for-mobile-Robots-Autonomous-Driving-16) by extension 'ignore'
[1.447s] Level 1:colcon.colcon_core.package_identification:_identify(/home/luqman/Desktop/ROS2-for-mobile-Robots-Autonomous-Driving-16) by extension 'ignore_ament_install'
[1.448s] Level 1:colcon.colcon_core.package_identification:_identify(/home/luqman/Desktop/ROS2-for-mobile-Robots-Autonomous-Driving-16) by extensions ['colcon_pkg']
[1.448s] Level 1:colcon.colcon_core.package_identification:_identify(/home/luqman/Desktop/ROS2-for-mobile-Robots-Autonomous-Driving-16) by extension 'colcon_pkg'
[1.448s] Level 1:colcon.colcon_core.package_identification:_identify(/home/luqman/Desktop/ROS2-for-mobile-Robots-Autonomous-Driving-16) by extensions ['colcon_meta']
[1.449s] Level 1:colcon.colcon_core.package_identification:_identify(/home/luqman/Desktop/ROS2-for-mobile-Robots-Autonomous-Driving-16) by extension 'colcon_meta'
[1.450s] Level 1:colcon.colcon_core.package_identification:_identify(/home/luqman/Desktop/ROS2-for-mobile-Robots-Autonomous-Driving-16) by extensions ['ros']
[1.450s] Level 1:colcon.colcon_core.package_identification:_identify(/home/luqman/Desktop/ROS2-for-mobile-Robots-Autonomous-Driving-16) by extension 'ros'
[1.548s] Level 1:colcon.colcon_core.package_identification:_identify(/home/luqman/Desktop/ROS2-for-mobile-Robots-Autonomous-Driving-16) by extensions ['cmake', 'python']
[1.549s] Level 1:colcon.colcon_core.package_identification:_identify(/home/luqman/Desktop/ROS2-for-mobile-Robots-Autonomous-Driving-16) by extension 'cmake'
[1.549s] Level 1:colcon.colcon_core.package_identification:_identify(/home/luqman/Desktop/ROS2-for-mobile-Robots-Autonomous-Driving-16) by extension 'python'
[1.550s] Level 1:colcon.colcon_core.package_identification:_identify(/home/luqman/Desktop/ROS2-for-mobile-Robots-Autonomous-Driving-16) by extensions ['python_setup_py']
[1.551s] Level 1:colcon.colcon_core.package_identification:_identify(/home/luqman/Desktop/ROS2-for-mobile-Robots-Autonomous-Driving-16) by extension 'python_setup_py'
[1.552s] Level 1:colcon.colcon_core.package_identification:_identify(/home/luqman/Desktop/ROS2-for-mobile-Robots-Autonomous-Driving-16/log) by extensions ['ignore', 'ignore_ament_install']
[1.552s] Level 1:colcon.colcon_core.package_identification:_identify(/home/luqman/Desktop/ROS2-for-mobile-Robots-Autonomous-Driving-16/log) by extension 'ignore'
[1.553s] Level 1:colcon.colcon_core.package_identification:_identify(/home/luqman/Desktop/ROS2-for-mobile-Robots-Autonomous-Driving-16/log) ignored
[1.553s] Level 1:colcon.colcon_core.package_discovery:discover_packages(recursive) using defaults
